<?xml version="1.0" encoding="utf-8"?><testsuites name="pytest tests"><testsuite name="pytest" errors="0" failures="0" skipped="0" tests="53" time="36.639" timestamp="2026-06-28T12:41:45.204190+00:00" hostname="agent-env-8ade8ace-98a4-4013-9bb3-43a9e0c7416c"><testcase classname="tests.test_csrf_cookie_auth.TestRegressionViaCookies" name="test_products_list" time="0.440" /><testcase classname="tests.test_csrf_cookie_auth.TestRegressionViaCookies" name="test_categories" time="0.324" /><testcase classname="tests.test_farmer_regression.TestAuth" name="test_farmer_login" time="0.442" /><testcase classname="tests.test_farmer_regression.TestAuth" name="test_buyer_login" time="0.322" /><testcase classname="tests.test_farmer_regression.TestAuth" name="test_admin_login" time="0.321" /><testcase classname="tests.test_farmer_regression.TestAuth" name="test_auth_me_farmer" time="0.254" /><testcase classname="tests.test_farmer_regression.TestAuth" name="test_invalid_login" time="0.318" /><testcase classname="tests.test_csrf_cookie_auth.TestRegressionViaCookies" name="test_farmer_dashboard_stats" time="0.661" /><testcase classname="tests.test_farmer_regression.TestFarmerDashboardData" name="test_get_dashboard_stats" time="0.250" /><testcase classname="tests.test_csrf_cookie_auth.TestRegressionViaCookies" name="test_buyer_orders" time="0.535" /><testcase classname="tests.test_farmer_regression.TestFarmerDashboardData" name="test_get_products" time="0.104" /><testcase classname="tests.test_farmer_regression.TestFarmerDashboardData" name="test_products_filter_by_farmer" time="0.297" /><testcase classname="tests.test_csrf_cookie_auth.TestRegressionViaCookies" name="test_admin_orders" time="0.391" /><testcase classname="tests.test_farmer_regression.TestFarmerDashboardData" name="test_get_orders" time="0.097" /><testcase classname="tests.test_csrf_cookie_auth.TestRegressionViaCookies" name="test_wishlist_round_trip" time="0.273" /><testcase classname="tests.test_farmer_regression.TestFarmerDashboardData" name="test_get_categories" time="0.142" /><testcase classname="tests.test_lockout_password_reset.TestResetPassword" name="test_full_reset_round_trip" time="3.538" /><testcase classname="tests.test_csrf_cookie_auth.TestRegressionViaCookies" name="test_ai_price_predict_with_csrf" time="3.607" /><testcase classname="tests.test_lockout_password_reset.TestResetPassword" name="test_bogus_token_400" time="0.119" /><testcase classname="tests.test_lockout_password_reset.TestResetPassword" name="test_short_password_400" time="2.378" /><testcase classname="tests.test_csrf_cookie_auth.TestAuthMe" name="test_me_via_cookie" time="0.047" /><testcase classname="tests.test_csrf_cookie_auth.TestAuthMe" name="test_me_no_auth_header_needed" time="0.571" /><testcase classname="tests.test_csrf_cookie_auth.TestAuthMe" name="test_me_refreshes_csrf_if_missing" time="0.371" /><testcase classname="tests.test_csrf_cookie_auth.TestAuthMe" name="test_me_unauthenticated" time="0.102" /><testcase classname="tests.test_csrf_cookie_auth.TestCsrfMiddleware" name="test_post_with_auth_cookie_no_csrf_header_returns_403" time="0.044" /><testcase classname="tests.test_csrf_cookie_auth.TestCsrfMiddleware" name="test_post_with_wrong_csrf_header_returns_403" time="0.045" /><testcase classname="tests.test_csrf_cookie_auth.TestCsrfMiddleware" name="test_post_with_correct_csrf_header_succeeds" time="0.094" /><testcase classname="tests.test_csrf_cookie_auth.TestCsrfMiddleware" name="test_unauthenticated_post_returns_401_not_403" time="0.145" /><testcase classname="tests.test_lockout_password_reset.TestResetPassword" name="test_expired_token_400" time="3.707" /><testcase classname="tests.test_lockout_password_reset.TestBruteForceLockout" name="test_lockout_progression_and_429" time="4.552" /><testcase classname="tests.test_lockout_password_reset.TestResetPassword" name="test_reset_clears_lockout" time="7.220" /><testcase classname="tests.test_lockout_password_reset.TestBruteForceLockout" name="test_correct_password_rejected_during_lockout" time="4.194" /><testcase classname="tests.test_lockout_password_reset.TestBruteForceLockout" name="test_successful_login_clears_counter" time="4.696" /><testcase classname="tests.test_lockout_password_reset.TestForgotPassword" name="test_existing_email_logs_link_and_creates_token" time="3.566" /><testcase classname="tests.test_lockout_password_reset.TestBruteForceLockout" name="test_per_email_isolation" time="7.979" /><testcase classname="tests.test_lockout_password_reset.TestForgotPassword" name="test_nonexistent_email_no_enumeration" time="1.002" /><testcase classname="tests.test_lockout_password_reset.TestForgotPassword" name="test_csrf_exempt_no_cookies" time="2.029" /><testcase classname="tests.test_csrf_cookie_auth.TestCsrfEndpoint" name="test_csrf_unauthenticated" time="0.317" /><testcase classname="tests.test_csrf_cookie_auth.TestCsrfEndpoint" name="test_csrf_authenticated" time="0.726" /><testcase classname="tests.test_csrf_cookie_auth.TestBearerBackcompat" name="test_bearer_token_from_cookie_works_on_me" time="0.740" /><testcase classname="tests.test_csrf_cookie_auth.TestBearerBackcompat" name="test_bearer_token_works_on_protected_endpoint" time="0.781" /><testcase classname="tests.test_farmer_regression.TestRoleSanity" name="test_buyer_orders_endpoint" time="0.471" /><testcase classname="tests.test_csrf_cookie_auth.TestLoginCookies" name="test_login_sets_cookies_and_no_jwt_in_body" time="0.373" /><testcase classname="tests.test_csrf_cookie_auth.TestLoginCookies" name="test_register_sets_cookies_and_no_jwt" time="0.439" /><testcase classname="tests.test_farmer_regression.TestRoleSanity" name="test_admin_orders_endpoint" time="0.854" /><testcase classname="tests.test_lockout_password_reset.TestCsrfRegression" name="test_login_still_sets_kb_and_csrf" time="0.535" /><testcase classname="tests.test_lockout_password_reset.TestMongoIndexes" name="test_password_reset_tokens_indexes" time="0.611" /><testcase classname="tests.test_lockout_password_reset.TestCsrfRegression" name="test_post_products_without_csrf_403_with_csrf_2xx" time="0.907" /><testcase classname="tests.test_lockout_password_reset.TestMongoIndexes" name="test_login_attempts_identifier_unique" time="0.613" /><testcase classname="tests.test_csrf_cookie_auth.TestGoogleSession" name="test_missing_session_id_returns_400" time="0.126" /><testcase classname="tests.test_csrf_cookie_auth.TestLogout" name="test_logout_clears_cookies" time="0.604" /><testcase classname="tests.test_farmer_regression.TestAIPricePredict" name="test_ai_price_predict_called" time="4.567" /><testcase classname="tests.test_farmer_regression.TestProductCRUD" name="test_create_and_delete_product" time="0.737" /></testsuite></testsuites>