<?xml version="1.0" encoding="utf-8"?><testsuites name="pytest tests"><testsuite name="pytest" errors="0" failures="0" skipped="0" tests="16" time="29.393" timestamp="2026-06-28T11:09:18.700494+00:00" hostname="agent-env-8ade8ace-98a4-4013-9bb3-43a9e0c7416c"><testcase classname="tests.test_lockout_password_reset.TestBruteForceLockout" name="test_lockout_progression_and_429" time="2.693" /><testcase classname="tests.test_lockout_password_reset.TestBruteForceLockout" name="test_correct_password_rejected_during_lockout" time="2.625" /><testcase classname="tests.test_lockout_password_reset.TestBruteForceLockout" name="test_successful_login_clears_counter" time="2.794" /><testcase classname="tests.test_lockout_password_reset.TestBruteForceLockout" name="test_per_email_isolation" time="4.284" /><testcase classname="tests.test_lockout_password_reset.TestForgotPassword" name="test_existing_email_logs_link_and_creates_token" time="2.102" /><testcase classname="tests.test_lockout_password_reset.TestForgotPassword" name="test_nonexistent_email_no_enumeration" time="0.474" /><testcase classname="tests.test_lockout_password_reset.TestForgotPassword" name="test_csrf_exempt_no_cookies" time="1.152" /><testcase classname="tests.test_lockout_password_reset.TestResetPassword" name="test_full_reset_round_trip" time="3.572" /><testcase classname="tests.test_lockout_password_reset.TestResetPassword" name="test_bogus_token_400" time="0.093" /><testcase classname="tests.test_lockout_password_reset.TestResetPassword" name="test_short_password_400" time="1.815" /><testcase classname="tests.test_lockout_password_reset.TestResetPassword" name="test_expired_token_400" time="2.174" /><testcase classname="tests.test_lockout_password_reset.TestResetPassword" name="test_reset_clears_lockout" time="3.796" /><testcase classname="tests.test_lockout_password_reset.TestMongoIndexes" name="test_password_reset_tokens_indexes" time="0.363" /><testcase classname="tests.test_lockout_password_reset.TestMongoIndexes" name="test_login_attempts_identifier_unique" time="0.389" /><testcase classname="tests.test_lockout_password_reset.TestCsrfRegression" name="test_login_still_sets_kb_and_csrf" time="0.353" /><testcase classname="tests.test_lockout_password_reset.TestCsrfRegression" name="test_post_products_without_csrf_403_with_csrf_2xx" time="0.554" /></testsuite></testsuites>