<?xml version="1.0" encoding="utf-8"?><testsuites name="pytest tests"><testsuite name="pytest" errors="0" failures="0" skipped="0" tests="14" time="7.568" timestamp="2026-06-28T10:22:42.262041+00:00" hostname="agent-env-8ade8ace-98a4-4013-9bb3-43a9e0c7416c"><testcase classname="tests.test_farmer_regression.TestAuth" name="test_farmer_login" time="0.461" /><testcase classname="tests.test_farmer_regression.TestFarmerDashboardData" name="test_get_dashboard_stats" time="0.967" /><testcase classname="tests.test_farmer_regression.TestAuth" name="test_buyer_login" time="0.504" /><testcase classname="tests.test_farmer_regression.TestFarmerDashboardData" name="test_get_products" time="0.325" /><testcase classname="tests.test_farmer_regression.TestAuth" name="test_admin_login" time="0.324" /><testcase classname="tests.test_farmer_regression.TestAuth" name="test_auth_me_farmer" time="0.131" /><testcase classname="tests.test_farmer_regression.TestFarmerDashboardData" name="test_products_filter_by_farmer" time="0.130" /><testcase classname="tests.test_farmer_regression.TestAuth" name="test_invalid_login" time="0.322" /><testcase classname="tests.test_farmer_regression.TestFarmerDashboardData" name="test_get_orders" time="0.323" /><testcase classname="tests.test_farmer_regression.TestRoleSanity" name="test_buyer_orders_endpoint" time="0.102" /><testcase classname="tests.test_farmer_regression.TestFarmerDashboardData" name="test_get_categories" time="0.091" /><testcase classname="tests.test_farmer_regression.TestProductCRUD" name="test_create_and_delete_product" time="0.707" /><testcase classname="tests.test_farmer_regression.TestRoleSanity" name="test_admin_orders_endpoint" time="0.089" /><testcase classname="tests.test_farmer_regression.TestAIPricePredict" name="test_ai_price_predict_called" time="5.009" /></testsuite></testsuites>