<?xml version="1.0" encoding="utf-8"?><testsuites name="pytest tests"><testsuite name="pytest" errors="0" failures="0" skipped="0" tests="64" time="41.497" timestamp="2026-06-29T15:28:59.379803+00:00" hostname="agent-env-8ade8ace-98a4-4013-9bb3-43a9e0c7416c"><testcase classname="tests.test_csrf_cookie_auth.TestRegressionViaCookies" name="test_products_list" time="0.133" /><testcase classname="tests.test_csrf_cookie_auth.TestRegressionViaCookies" name="test_categories" time="0.237" /><testcase classname="tests.test_farmer_regression.TestAuth" name="test_farmer_login" time="0.412" /><testcase classname="tests.test_csrf_cookie_auth.TestRegressionViaCookies" name="test_farmer_dashboard_stats" time="0.565" /><testcase classname="tests.test_farmer_regression.TestAuth" name="test_buyer_login" time="0.523" /><testcase classname="tests.test_farmer_regression.TestAuth" name="test_admin_login" time="0.329" /><testcase classname="tests.test_farmer_regression.TestAuth" name="test_auth_me_farmer" time="0.258" /><testcase classname="tests.test_csrf_cookie_auth.TestRegressionViaCookies" name="test_buyer_orders" time="0.638" /><testcase classname="tests.test_farmer_regression.TestAuth" name="test_invalid_login" time="0.368" /><testcase classname="tests.test_farmer_regression.TestFarmerDashboardData" name="test_get_dashboard_stats" time="0.257" /><testcase classname="tests.test_csrf_cookie_auth.TestRegressionViaCookies" name="test_admin_orders" time="0.622" /><testcase classname="tests.test_farmer_regression.TestFarmerDashboardData" name="test_get_products" time="0.109" /><testcase classname="tests.test_csrf_cookie_auth.TestRegressionViaCookies" name="test_wishlist_round_trip" time="0.274" /><testcase classname="tests.test_farmer_regression.TestFarmerDashboardData" name="test_products_filter_by_farmer" time="0.103" /><testcase classname="tests.test_farmer_regression.TestFarmerDashboardData" name="test_get_orders" time="0.164" /><testcase classname="tests.test_csrf_cookie_auth.TestRegressionViaCookies" name="test_ai_price_predict_with_csrf" time="5.214" /><testcase classname="tests.test_farmer_regression.TestFarmerDashboardData" name="test_get_categories" time="0.455" /><testcase classname="tests.test_csrf_cookie_auth.TestAuthMe" name="test_me_via_cookie" time="0.402" /><testcase classname="tests.test_csrf_cookie_auth.TestAuthMe" name="test_me_no_auth_header_needed" time="0.371" /><testcase classname="tests.test_csrf_cookie_auth.TestAuthMe" name="test_me_refreshes_csrf_if_missing" time="0.388" /><testcase classname="tests.test_csrf_cookie_auth.TestAuthMe" name="test_me_unauthenticated" time="0.111" /><testcase classname="tests.test_csrf_cookie_auth.TestCsrfMiddleware" name="test_post_with_auth_cookie_no_csrf_header_returns_403" time="0.058" /><testcase classname="tests.test_csrf_cookie_auth.TestCsrfMiddleware" name="test_post_with_wrong_csrf_header_returns_403" time="0.052" /><testcase classname="tests.test_csrf_cookie_auth.TestCsrfMiddleware" name="test_post_with_correct_csrf_header_succeeds" time="0.117" /><testcase classname="tests.test_csrf_cookie_auth.TestCsrfMiddleware" name="test_unauthenticated_post_returns_401_not_403" time="0.101" /><testcase classname="tests.test_lockout_password_reset.TestBruteForceLockout" name="test_lockout_progression_and_429" time="2.735" /><testcase classname="tests.test_lockout_password_reset.TestResetPassword" name="test_full_reset_round_trip" time="6.329" /><testcase classname="tests.test_lockout_password_reset.TestBruteForceLockout" name="test_correct_password_rejected_during_lockout" time="4.098" /><testcase classname="tests.test_lockout_password_reset.TestBruteForceLockout" name="test_successful_login_clears_counter" time="4.568" /><testcase classname="tests.test_lockout_password_reset.TestResetPassword" name="test_bogus_token_400" time="0.317" /><testcase classname="tests.test_lockout_password_reset.TestResetPassword" name="test_short_password_400" time="2.786" /><testcase classname="tests.test_lockout_password_reset.TestResetPassword" name="test_expired_token_400" time="3.481" /><testcase classname="tests.test_lockout_password_reset.TestBruteForceLockout" name="test_per_email_isolation" time="7.849" /><testcase classname="tests.test_lockout_password_reset.TestResetPassword" name="test_reset_clears_lockout" time="5.298" /><testcase classname="tests.test_cloudinary_integration.TestSignatureEndpoint" name="test_signature_authenticated" time="0.590" /><testcase classname="tests.test_cloudinary_integration.TestSignatureEndpoint" name="test_signature_unauthenticated_401" time="0.254" /><testcase classname="tests.test_cloudinary_integration.TestSignatureEndpoint" name="test_signature_invalid_folder_400" time="0.055" /><testcase classname="tests.test_cloudinary_integration.TestSignedUploadAndProduct" name="test_direct_upload_works" time="0.872" /><testcase classname="tests.test_cloudinary_integration.TestSignedUploadAndProduct" name="test_product_create_with_image_objects" time="0.077" /><testcase classname="tests.test_cloudinary_integration.TestPartialUpdateAndOrphanCascade" name="test_put_partial_only_title" time="0.055" /><testcase classname="tests.test_cloudinary_integration.TestPartialUpdateAndOrphanCascade" name="test_put_images_orphan_cascade" time="3.302" /><testcase classname="tests.test_lockout_password_reset.TestForgotPassword" name="test_existing_email_logs_link_and_creates_token" time="2.044" /><testcase classname="tests.test_lockout_password_reset.TestForgotPassword" name="test_nonexistent_email_no_enumeration" time="0.478" /><testcase classname="tests.test_lockout_password_reset.TestForgotPassword" name="test_csrf_exempt_no_cookies" time="1.484" /><testcase classname="tests.test_cloudinary_integration.TestCloudinaryDeletePermissions" name="test_buyer_cannot_delete_others_asset" time="0.660" /><testcase classname="tests.test_csrf_cookie_auth.TestLoginCookies" name="test_login_sets_cookies_and_no_jwt_in_body" time="0.502" /><testcase classname="tests.test_cloudinary_integration.TestCloudinaryDeletePermissions" name="test_admin_can_delete_arbitrary_then_owner_reuploads" time="2.563" /><testcase classname="tests.test_csrf_cookie_auth.TestLoginCookies" name="test_register_sets_cookies_and_no_jwt" time="0.346" /><testcase classname="tests.test_csrf_cookie_auth.TestBearerBackcompat" name="test_bearer_token_from_cookie_works_on_me" time="0.445" /><testcase classname="tests.test_csrf_cookie_auth.TestBearerBackcompat" name="test_bearer_token_works_on_protected_endpoint" time="1.072" /><testcase classname="tests.test_csrf_cookie_auth.TestCsrfEndpoint" name="test_csrf_unauthenticated" time="0.093" /><testcase classname="tests.test_farmer_regression.TestRoleSanity" name="test_buyer_orders_endpoint" time="0.583" /><testcase classname="tests.test_csrf_cookie_auth.TestCsrfEndpoint" name="test_csrf_authenticated" time="0.541" /><testcase classname="tests.test_lockout_password_reset.TestMongoIndexes" name="test_password_reset_tokens_indexes" time="0.618" /><testcase classname="tests.test_farmer_regression.TestRoleSanity" name="test_admin_orders_endpoint" time="0.677" /><testcase classname="tests.test_lockout_password_reset.TestMongoIndexes" name="test_login_attempts_identifier_unique" time="0.679" /><testcase classname="tests.test_lockout_password_reset.TestCsrfRegression" name="test_login_still_sets_kb_and_csrf" time="0.596" /><testcase classname="tests.test_lockout_password_reset.TestCsrfRegression" name="test_post_products_without_csrf_403_with_csrf_2xx" time="1.672" /><testcase classname="tests.test_cloudinary_integration.TestProductDeleteCascade" name="test_delete_product_cascades_cloudinary" time="3.026" /><testcase classname="tests.test_csrf_cookie_auth.TestLogout" name="test_logout_clears_cookies" time="0.431" /><testcase classname="tests.test_csrf_cookie_auth.TestGoogleSession" name="test_missing_session_id_returns_400" time="0.105" /><testcase classname="tests.test_farmer_regression.TestAIPricePredict" name="test_ai_price_predict_called" time="4.424" /><testcase classname="tests.test_cloudinary_integration.TestStringUrlBackwardsCompat" name="test_string_url_images_pass_through" time="0.329" /><testcase classname="tests.test_farmer_regression.TestProductCRUD" name="test_create_and_delete_product" time="0.766" /></testsuite></testsuites>