<?xml version="1.0" encoding="utf-8"?><testsuites name="pytest tests"><testsuite name="pytest" errors="0" failures="0" skipped="0" tests="37" time="12.098" timestamp="2026-06-28T10:44:36.770538+00:00" hostname="agent-env-8ade8ace-98a4-4013-9bb3-43a9e0c7416c"><testcase classname="tests.test_csrf_cookie_auth.TestRegressionViaCookies" name="test_products_list" time="0.406" /><testcase classname="tests.test_farmer_regression.TestAuth" name="test_farmer_login" time="0.404" /><testcase classname="tests.test_csrf_cookie_auth.TestRegressionViaCookies" name="test_categories" time="0.104" /><testcase classname="tests.test_farmer_regression.TestAuth" name="test_buyer_login" time="0.386" /><testcase classname="tests.test_csrf_cookie_auth.TestRegressionViaCookies" name="test_farmer_dashboard_stats" time="0.722" /><testcase classname="tests.test_farmer_regression.TestAuth" name="test_admin_login" time="0.440" /><testcase classname="tests.test_farmer_regression.TestAuth" name="test_auth_me_farmer" time="0.321" /><testcase classname="tests.test_csrf_cookie_auth.TestRegressionViaCookies" name="test_buyer_orders" time="0.365" /><testcase classname="tests.test_farmer_regression.TestAuth" name="test_invalid_login" time="0.319" /><testcase classname="tests.test_farmer_regression.TestFarmerDashboardData" name="test_get_dashboard_stats" time="0.253" /><testcase classname="tests.test_csrf_cookie_auth.TestRegressionViaCookies" name="test_admin_orders" time="0.566" /><testcase classname="tests.test_farmer_regression.TestFarmerDashboardData" name="test_get_products" time="0.093" /><testcase classname="tests.test_csrf_cookie_auth.TestRegressionViaCookies" name="test_wishlist_round_trip" time="0.232" /><testcase classname="tests.test_farmer_regression.TestFarmerDashboardData" name="test_products_filter_by_farmer" time="0.104" /><testcase classname="tests.test_farmer_regression.TestFarmerDashboardData" name="test_get_orders" time="0.137" /><testcase classname="tests.test_csrf_cookie_auth.TestRegressionViaCookies" name="test_ai_price_predict_with_csrf" time="3.793" /><testcase classname="tests.test_farmer_regression.TestFarmerDashboardData" name="test_get_categories" time="0.095" /><testcase classname="tests.test_csrf_cookie_auth.TestCsrfMiddleware" name="test_post_with_auth_cookie_no_csrf_header_returns_403" time="0.364" /><testcase classname="tests.test_csrf_cookie_auth.TestCsrfMiddleware" name="test_post_with_wrong_csrf_header_returns_403" time="0.050" /><testcase classname="tests.test_csrf_cookie_auth.TestCsrfMiddleware" name="test_post_with_correct_csrf_header_succeeds" time="0.094" /><testcase classname="tests.test_csrf_cookie_auth.TestCsrfMiddleware" name="test_unauthenticated_post_returns_401_not_403" time="0.097" /><testcase classname="tests.test_csrf_cookie_auth.TestLoginCookies" name="test_login_sets_cookies_and_no_jwt_in_body" time="0.321" /><testcase classname="tests.test_csrf_cookie_auth.TestLoginCookies" name="test_register_sets_cookies_and_no_jwt" time="0.417" /><testcase classname="tests.test_csrf_cookie_auth.TestCsrfEndpoint" name="test_csrf_unauthenticated" time="0.098" /><testcase classname="tests.test_csrf_cookie_auth.TestCsrfEndpoint" name="test_csrf_authenticated" time="0.055" /><testcase classname="tests.test_csrf_cookie_auth.TestBearerBackcompat" name="test_bearer_token_from_cookie_works_on_me" time="0.422" /><testcase classname="tests.test_csrf_cookie_auth.TestBearerBackcompat" name="test_bearer_token_works_on_protected_endpoint" time="0.427" /><testcase classname="tests.test_farmer_regression.TestRoleSanity" name="test_buyer_orders_endpoint" time="0.529" /><testcase classname="tests.test_farmer_regression.TestRoleSanity" name="test_admin_orders_endpoint" time="0.423" /><testcase classname="tests.test_csrf_cookie_auth.TestLogout" name="test_logout_clears_cookies" time="0.451" /><testcase classname="tests.test_csrf_cookie_auth.TestAuthMe" name="test_me_via_cookie" time="0.073" /><testcase classname="tests.test_csrf_cookie_auth.TestAuthMe" name="test_me_no_auth_header_needed" time="0.383" /><testcase classname="tests.test_csrf_cookie_auth.TestGoogleSession" name="test_missing_session_id_returns_400" time="0.282" /><testcase classname="tests.test_csrf_cookie_auth.TestAuthMe" name="test_me_refreshes_csrf_if_missing" time="0.609" /><testcase classname="tests.test_farmer_regression.TestProductCRUD" name="test_create_and_delete_product" time="0.862" /><testcase classname="tests.test_csrf_cookie_auth.TestAuthMe" name="test_me_unauthenticated" time="0.105" /><testcase classname="tests.test_farmer_regression.TestAIPricePredict" name="test_ai_price_predict_called" time="4.115" /></testsuite></testsuites>