<?xml version="1.0" encoding="utf-8"?><testsuites name="pytest tests"><testsuite name="pytest" errors="0" failures="0" skipped="0" tests="75" time="65.134" timestamp="2026-06-30T15:12:23.319973+00:00" hostname="agent-env-8ade8ace-98a4-4013-9bb3-43a9e0c7416c"><testcase classname="tests.test_cloudinary_integration.TestSignatureEndpoint" name="test_signature_authenticated" time="0.606" /><testcase classname="tests.test_cloudinary_integration.TestSignatureEndpoint" name="test_signature_unauthenticated_401" time="0.147" /><testcase classname="tests.test_cloudinary_integration.TestSignatureEndpoint" name="test_signature_invalid_folder_400" time="0.048" /><testcase classname="tests.test_cloudinary_integration.TestSignedUploadAndProduct" name="test_direct_upload_works" time="1.241" /><testcase classname="tests.test_cloudinary_integration.TestSignedUploadAndProduct" name="test_product_create_with_image_objects" time="0.059" /><testcase classname="tests.test_cloudinary_integration.TestPartialUpdateAndOrphanCascade" name="test_put_partial_only_title" time="0.050" /><testcase classname="tests.test_cloudinary_integration.TestPartialUpdateAndOrphanCascade" name="test_put_images_orphan_cascade" time="2.974" /><testcase classname="tests.test_cloudinary_integration.TestCloudinaryDeletePermissions" name="test_buyer_cannot_delete_others_asset" time="0.421" /><testcase classname="tests.test_cloudinary_integration.TestCloudinaryDeletePermissions" name="test_admin_can_delete_arbitrary_then_owner_reuploads" time="4.101" /><testcase classname="tests.test_cloudinary_integration.TestCloudinaryDeletePermissions" name="test_cross_user_cannot_delete_others_orphan" time="2.293" /><testcase classname="tests.test_cloudinary_integration.TestProductDeleteCascade" name="test_delete_product_cascades_cloudinary" time="2.732" /><testcase classname="tests.test_cloudinary_integration.TestStringUrlBackwardsCompat" name="test_string_url_images_pass_through" time="0.359" /><testcase classname="tests.test_csrf_cookie_auth.TestLoginCookies" name="test_login_sets_cookies_and_no_jwt_in_body" time="0.362" /><testcase classname="tests.test_csrf_cookie_auth.TestLoginCookies" name="test_register_sets_cookies_and_no_jwt" time="0.324" /><testcase classname="tests.test_csrf_cookie_auth.TestAuthMe" name="test_me_via_cookie" time="0.369" /><testcase classname="tests.test_csrf_cookie_auth.TestAuthMe" name="test_me_no_auth_header_needed" time="0.387" /><testcase classname="tests.test_csrf_cookie_auth.TestAuthMe" name="test_me_refreshes_csrf_if_missing" time="0.409" /><testcase classname="tests.test_csrf_cookie_auth.TestAuthMe" name="test_me_unauthenticated" time="0.101" /><testcase classname="tests.test_csrf_cookie_auth.TestCsrfEndpoint" name="test_csrf_unauthenticated" time="0.140" /><testcase classname="tests.test_csrf_cookie_auth.TestCsrfEndpoint" name="test_csrf_authenticated" time="0.045" /><testcase classname="tests.test_csrf_cookie_auth.TestLogout" name="test_logout_clears_cookies" time="0.458" /><testcase classname="tests.test_csrf_cookie_auth.TestCsrfMiddleware" name="test_post_with_auth_cookie_no_csrf_header_returns_403" time="0.044" /><testcase classname="tests.test_csrf_cookie_auth.TestCsrfMiddleware" name="test_post_with_wrong_csrf_header_returns_403" time="0.042" /><testcase classname="tests.test_csrf_cookie_auth.TestCsrfMiddleware" name="test_post_with_correct_csrf_header_succeeds" time="0.090" /><testcase classname="tests.test_csrf_cookie_auth.TestCsrfMiddleware" name="test_unauthenticated_post_returns_401_not_403" time="0.142" /><testcase classname="tests.test_csrf_cookie_auth.TestBearerBackcompat" name="test_bearer_token_from_cookie_works_on_me" time="0.477" /><testcase classname="tests.test_csrf_cookie_auth.TestBearerBackcompat" name="test_bearer_token_works_on_protected_endpoint" time="0.427" /><testcase classname="tests.test_csrf_cookie_auth.TestGoogleSession" name="test_missing_session_id_returns_400" time="0.109" /><testcase classname="tests.test_csrf_cookie_auth.TestRegressionViaCookies" name="test_products_list" time="0.101" /><testcase classname="tests.test_csrf_cookie_auth.TestRegressionViaCookies" name="test_categories" time="0.106" /><testcase classname="tests.test_csrf_cookie_auth.TestRegressionViaCookies" name="test_farmer_dashboard_stats" time="0.045" /><testcase classname="tests.test_csrf_cookie_auth.TestRegressionViaCookies" name="test_buyer_orders" time="0.400" /><testcase classname="tests.test_csrf_cookie_auth.TestRegressionViaCookies" name="test_admin_orders" time="0.431" /><testcase classname="tests.test_csrf_cookie_auth.TestRegressionViaCookies" name="test_wishlist_round_trip" time="0.324" /><testcase classname="tests.test_csrf_cookie_auth.TestRegressionViaCookies" name="test_ai_price_predict_with_csrf" time="5.347" /><testcase classname="tests.test_farmer_regression.TestAuth" name="test_farmer_login" time="0.382" /><testcase classname="tests.test_farmer_regression.TestAuth" name="test_buyer_login" time="0.326" /><testcase classname="tests.test_farmer_regression.TestAuth" name="test_admin_login" time="0.362" /><testcase classname="tests.test_farmer_regression.TestAuth" name="test_auth_me_farmer" time="0.112" /><testcase classname="tests.test_farmer_regression.TestAuth" name="test_invalid_login" time="0.338" /><testcase classname="tests.test_farmer_regression.TestFarmerDashboardData" name="test_get_dashboard_stats" time="0.105" /><testcase classname="tests.test_farmer_regression.TestFarmerDashboardData" name="test_get_products" time="0.118" /><testcase classname="tests.test_farmer_regression.TestFarmerDashboardData" name="test_products_filter_by_farmer" time="0.104" /><testcase classname="tests.test_farmer_regression.TestFarmerDashboardData" name="test_get_orders" time="0.101" /><testcase classname="tests.test_farmer_regression.TestFarmerDashboardData" name="test_get_categories" time="0.099" /><testcase classname="tests.test_farmer_regression.TestProductCRUD" name="test_create_and_delete_product" time="0.399" /><testcase classname="tests.test_farmer_regression.TestAIPricePredict" name="test_ai_price_predict_called" time="4.438" /><testcase classname="tests.test_farmer_regression.TestRoleSanity" name="test_buyer_orders_endpoint" time="0.184" /><testcase classname="tests.test_farmer_regression.TestRoleSanity" name="test_admin_orders_endpoint" time="0.106" /><testcase classname="tests.test_lockout_password_reset.TestBruteForceLockout" name="test_lockout_progression_and_429" time="2.638" /><testcase classname="tests.test_lockout_password_reset.TestBruteForceLockout" name="test_correct_password_rejected_during_lockout" time="2.641" /><testcase classname="tests.test_lockout_password_reset.TestBruteForceLockout" name="test_successful_login_clears_counter" time="2.807" /><testcase classname="tests.test_lockout_password_reset.TestBruteForceLockout" name="test_per_email_isolation" time="4.397" /><testcase classname="tests.test_lockout_password_reset.TestForgotPassword" name="test_existing_email_logs_link_and_creates_token" time="2.146" /><testcase classname="tests.test_lockout_password_reset.TestForgotPassword" name="test_nonexistent_email_no_enumeration" time="0.504" /><testcase classname="tests.test_lockout_password_reset.TestForgotPassword" name="test_csrf_exempt_no_cookies" time="1.189" /><testcase classname="tests.test_lockout_password_reset.TestResetPassword" name="test_full_reset_round_trip" time="3.606" /><testcase classname="tests.test_lockout_password_reset.TestResetPassword" name="test_bogus_token_400" time="0.107" /><testcase classname="tests.test_lockout_password_reset.TestResetPassword" name="test_short_password_400" time="1.801" /><testcase classname="tests.test_lockout_password_reset.TestResetPassword" name="test_expired_token_400" time="2.909" /><testcase classname="tests.test_lockout_password_reset.TestResetPassword" name="test_reset_clears_lockout" time="4.183" /><testcase classname="tests.test_lockout_password_reset.TestMongoIndexes" name="test_password_reset_tokens_indexes" time="0.392" /><testcase classname="tests.test_lockout_password_reset.TestMongoIndexes" name="test_login_attempts_identifier_unique" time="0.364" /><testcase classname="tests.test_lockout_password_reset.TestCsrfRegression" name="test_login_still_sets_kb_and_csrf" time="0.397" /><testcase classname="tests.test_lockout_password_reset.TestCsrfRegression" name="test_post_products_without_csrf_403_with_csrf_2xx" time="0.641" /><testcase classname="tests.test_razorpay_integration.TestPaymentConfig" name="test_config_endpoint_safe" time="0.111" /><testcase classname="tests.test_razorpay_integration.TestOrderRazorpayId" name="test_non_cod_order_has_razorpay_id" time="0.395" /><testcase classname="tests.test_razorpay_integration.TestOrderRazorpayId" name="test_cod_order_has_no_razorpay_id" time="0.057" /><testcase classname="tests.test_razorpay_integration.TestOrderRazorpayId" name="test_charge_total_applies_one_percent_fee" time="0.059" /><testcase classname="tests.test_razorpay_integration.TestVerifyRejection" name="test_bad_signature_marks_order_failed" time="0.123" /><testcase classname="tests.test_razorpay_integration.TestVerifyRejection" name="test_verify_unknown_order_404" time="0.059" /><testcase classname="tests.test_razorpay_integration.TestWebhookSignature" name="test_webhook_rejects_unsigned" time="0.103" /><testcase classname="tests.test_razorpay_integration.TestWebhookSignature" name="test_webhook_signature_helper_math" time="0.005" /><testcase classname="tests.test_razorpay_integration.TestPaymentSignatureMath" name="test_signature_verify_local" time="0.001" /><testcase classname="tests.test_razorpay_integration.TestMockPayGuard" name="test_mock_pay_works_when_gateway_disabled_or_cod" time="0.329" /></testsuite></testsuites>