<?xml version="1.0" encoding="utf-8"?><testsuites name="pytest tests"><testsuite name="pytest" errors="0" failures="0" skipped="0" tests="21" time="8.532" timestamp="2026-07-08T13:18:10.514083+00:00" hostname="agent-env-8ade8ace-98a4-4013-9bb3-43a9e0c7416c"><testcase classname="tests.test_registration_otp.TestFieldValidation" name="test_name_too_short_rejected" time="0.204" /><testcase classname="tests.test_registration_otp.TestFieldValidation" name="test_name_symbols_rejected" time="0.109" /><testcase classname="tests.test_registration_otp.TestFieldValidation" name="test_mobile_bad_length_rejected" time="0.102" /><testcase classname="tests.test_registration_otp.TestFieldValidation" name="test_mobile_starts_with_5_rejected" time="0.105" /><testcase classname="tests.test_registration_otp.TestFieldValidation" name="test_mobile_with_plus91_prefix_ok" time="0.547" /><testcase classname="tests.test_registration_otp.TestFieldValidation" name="test_password_short_rejected" time="0.091" /><testcase classname="tests.test_registration_otp.TestFieldValidation" name="test_password_no_symbol_rejected" time="0.100" /><testcase classname="tests.test_registration_otp.TestFieldValidation" name="test_password_no_upper_rejected" time="0.107" /><testcase classname="tests.test_registration_otp.TestFieldValidation" name="test_password_mismatch_rejected" time="0.118" /><testcase classname="tests.test_registration_otp.TestFieldValidation" name="test_email_bad_rejected" time="0.099" /><testcase classname="tests.test_registration_otp.TestDuplicates" name="test_duplicate_email_rejected" time="0.095" /><testcase classname="tests.test_registration_otp.TestDuplicates" name="test_duplicate_mobile_rejected" time="0.417" /><testcase classname="tests.test_registration_otp.TestOtpFlow" name="test_init_returns_session" time="0.549" /><testcase classname="tests.test_registration_otp.TestOtpFlow" name="test_verify_wrong_code_decrements_attempts" time="0.880" /><testcase classname="tests.test_registration_otp.TestOtpFlow" name="test_verify_unknown_session_404" time="0.099" /><testcase classname="tests.test_registration_otp.TestOtpFlow" name="test_verify_bad_code_shape_422" time="0.652" /><testcase classname="tests.test_registration_otp.TestOtpFlow" name="test_max_5_attempts_locks_session" time="2.322" /><testcase classname="tests.test_registration_otp.TestOtpFlow" name="test_resend_cooldown" time="0.670" /><testcase classname="tests.test_registration_otp.TestOtpFlow" name="test_resend_unknown_session_404" time="0.103" /><testcase classname="tests.test_registration_otp.TestOtpHappyPath" name="test_full_signup_with_service_generated_code" time="0.544" /><testcase classname="tests.test_registration_otp.TestCsrfExempt" name="test_init_works_without_csrf_header" time="0.553" /></testsuite></testsuites>