<?xml version="1.0" encoding="utf-8"?><testsuites name="pytest tests"><testsuite name="pytest" errors="0" failures="0" skipped="0" tests="53" time="36.846" timestamp="2026-06-28T12:56:35.601326+00:00" hostname="agent-env-8ade8ace-98a4-4013-9bb3-43a9e0c7416c"><testcase classname="tests.test_csrf_cookie_auth.TestRegressionViaCookies" name="test_products_list" time="0.198" /><testcase classname="tests.test_csrf_cookie_auth.TestRegressionViaCookies" name="test_categories" time="0.253" /><testcase classname="tests.test_farmer_regression.TestAuth" name="test_farmer_login" time="0.451" /><testcase classname="tests.test_farmer_regression.TestAuth" name="test_buyer_login" time="0.327" /><testcase classname="tests.test_csrf_cookie_auth.TestRegressionViaCookies" name="test_farmer_dashboard_stats" time="0.814" /><testcase classname="tests.test_farmer_regression.TestAuth" name="test_admin_login" time="0.496" /><testcase classname="tests.test_farmer_regression.TestAuth" name="test_auth_me_farmer" time="0.316" /><testcase classname="tests.test_csrf_cookie_auth.TestRegressionViaCookies" name="test_buyer_orders" time="0.373" /><testcase classname="tests.test_farmer_regression.TestAuth" name="test_invalid_login" time="0.331" /><testcase classname="tests.test_farmer_regression.TestFarmerDashboardData" name="test_get_dashboard_stats" time="0.254" /><testcase classname="tests.test_csrf_cookie_auth.TestRegressionViaCookies" name="test_admin_orders" time="0.579" /><testcase classname="tests.test_farmer_regression.TestFarmerDashboardData" name="test_get_products" time="0.116" /><testcase classname="tests.test_csrf_cookie_auth.TestRegressionViaCookies" name="test_wishlist_round_trip" time="0.241" /><testcase classname="tests.test_farmer_regression.TestFarmerDashboardData" name="test_products_filter_by_farmer" time="0.156" /><testcase classname="tests.test_farmer_regression.TestFarmerDashboardData" name="test_get_orders" time="0.100" /><testcase classname="tests.test_csrf_cookie_auth.TestRegressionViaCookies" name="test_ai_price_predict_with_csrf" time="3.126" /><testcase classname="tests.test_farmer_regression.TestFarmerDashboardData" name="test_get_categories" time="0.098" /><testcase classname="tests.test_csrf_cookie_auth.TestAuthMe" name="test_me_via_cookie" time="0.359" /><testcase classname="tests.test_csrf_cookie_auth.TestAuthMe" name="test_me_no_auth_header_needed" time="0.368" /><testcase classname="tests.test_csrf_cookie_auth.TestAuthMe" name="test_me_refreshes_csrf_if_missing" time="0.419" /><testcase classname="tests.test_csrf_cookie_auth.TestAuthMe" name="test_me_unauthenticated" time="0.097" /><testcase classname="tests.test_csrf_cookie_auth.TestCsrfMiddleware" name="test_post_with_auth_cookie_no_csrf_header_returns_403" time="0.052" /><testcase classname="tests.test_csrf_cookie_auth.TestCsrfMiddleware" name="test_post_with_wrong_csrf_header_returns_403" time="0.044" /><testcase classname="tests.test_csrf_cookie_auth.TestCsrfMiddleware" name="test_post_with_correct_csrf_header_succeeds" time="0.089" /><testcase classname="tests.test_csrf_cookie_auth.TestCsrfMiddleware" name="test_unauthenticated_post_returns_401_not_403" time="0.091" /><testcase classname="tests.test_lockout_password_reset.TestBruteForceLockout" name="test_lockout_progression_and_429" time="3.031" /><testcase classname="tests.test_lockout_password_reset.TestResetPassword" name="test_full_reset_round_trip" time="6.327" /><testcase classname="tests.test_lockout_password_reset.TestBruteForceLockout" name="test_correct_password_rejected_during_lockout" time="4.833" /><testcase classname="tests.test_lockout_password_reset.TestResetPassword" name="test_bogus_token_400" time="0.182" /><testcase classname="tests.test_lockout_password_reset.TestResetPassword" name="test_short_password_400" time="3.210" /><testcase classname="tests.test_lockout_password_reset.TestBruteForceLockout" name="test_successful_login_clears_counter" time="4.177" /><testcase classname="tests.test_lockout_password_reset.TestResetPassword" name="test_expired_token_400" time="3.693" /><testcase classname="tests.test_lockout_password_reset.TestBruteForceLockout" name="test_per_email_isolation" time="7.116" /><testcase classname="tests.test_lockout_password_reset.TestResetPassword" name="test_reset_clears_lockout" time="6.221" /><testcase classname="tests.test_lockout_password_reset.TestForgotPassword" name="test_existing_email_logs_link_and_creates_token" time="3.380" /><testcase classname="tests.test_csrf_cookie_auth.TestLoginCookies" name="test_login_sets_cookies_and_no_jwt_in_body" time="0.672" /><testcase classname="tests.test_csrf_cookie_auth.TestLoginCookies" name="test_register_sets_cookies_and_no_jwt" time="0.600" /><testcase classname="tests.test_csrf_cookie_auth.TestCsrfEndpoint" name="test_csrf_unauthenticated" time="0.117" /><testcase classname="tests.test_lockout_password_reset.TestForgotPassword" name="test_nonexistent_email_no_enumeration" time="0.896" /><testcase classname="tests.test_csrf_cookie_auth.TestCsrfEndpoint" name="test_csrf_authenticated" time="0.424" /><testcase classname="tests.test_csrf_cookie_auth.TestBearerBackcompat" name="test_bearer_token_from_cookie_works_on_me" time="0.897" /><testcase classname="tests.test_lockout_password_reset.TestForgotPassword" name="test_csrf_exempt_no_cookies" time="1.821" /><testcase classname="tests.test_csrf_cookie_auth.TestBearerBackcompat" name="test_bearer_token_works_on_protected_endpoint" time="0.682" /><testcase classname="tests.test_lockout_password_reset.TestMongoIndexes" name="test_password_reset_tokens_indexes" time="0.816" /><testcase classname="tests.test_lockout_password_reset.TestMongoIndexes" name="test_login_attempts_identifier_unique" time="0.685" /><testcase classname="tests.test_farmer_regression.TestRoleSanity" name="test_buyer_orders_endpoint" time="0.784" /><testcase classname="tests.test_lockout_password_reset.TestCsrfRegression" name="test_login_still_sets_kb_and_csrf" time="0.390" /><testcase classname="tests.test_lockout_password_reset.TestCsrfRegression" name="test_post_products_without_csrf_403_with_csrf_2xx" time="0.951" /><testcase classname="tests.test_farmer_regression.TestRoleSanity" name="test_admin_orders_endpoint" time="0.761" /><testcase classname="tests.test_csrf_cookie_auth.TestLogout" name="test_logout_clears_cookies" time="0.445" /><testcase classname="tests.test_csrf_cookie_auth.TestGoogleSession" name="test_missing_session_id_returns_400" time="0.289" /><testcase classname="tests.test_farmer_regression.TestProductCRUD" name="test_create_and_delete_product" time="0.991" /><testcase classname="tests.test_farmer_regression.TestAIPricePredict" name="test_ai_price_predict_called" time="4.368" /></testsuite></testsuites>